Global RMG Settings:
   database.directory   = /home/harris.se/rmg/RMG-database/input (Default, relative to RMG-Py source code)
   test_data.directory  = /home/harris.se/rmg/RMG-Py/rmgpy/test_data (Default, relative to RMG-Py source code)
RMG execution initiated at Tue Jan 18 09:31:57 2022

#########################################################
# RMG-Py - Reaction Mechanism Generator in Python       #
# Version: 3.1.0                                        #
# Authors: RMG Developers (rmg_dev@mit.edu)             #
# P.I.s:   William H. Green (whgreen@mit.edu)           #
#          Richard H. West (r.west@neu.edu)             #
# Website: http://reactionmechanismgenerator.github.io/ #
#########################################################

The current git HEAD for RMG-Py is:
	b'c4ba26c4e0bde03d9d8d5867875e2df2ce5d4079'
	b'Wed Jan 12 19:00:00 2022 -0500'

The current git HEAD for RMG-database is:
	b'726ecea553cb64851fa4286109b5a6d04231a101'
	b'Tue Jan 18 15:33:44 2022 +0200'

Reading input file "/work/westgroup/harris.se/KMC/co_oxidation/rmg_wintterlin/input.py"...
# RMG Input File to simulate CO Oxidation on Pt(111)
# reaction conditions based loosely on Volkening and Wintterlin
# https://doi.org/10.1063/1.1343836

database(
    thermoLibraries=['surfaceThermoPt111', 'primaryThermoLibrary', 'thermo_DFT_CCSDTF12_BAC', 'DFT_QCI_thermo'],
    reactionLibraries = [('Surface/CPOX_Pt/Deutschmann2006_adjusted', False), 'BurkeH2O2inArHe'],
    seedMechanisms = [],
    kineticsDepositories = ['training'],
    kineticsFamilies =['surface', 'default'],
    kineticsEstimator = 'rate rules',
)
catalystProperties(
    bindingEnergies={
                        'H': (-2.479, 'eV/molecule'),  # katrin
                        'C': (-6.750, 'eV/molecule'),  # katrin
                        'N': (-4.352, 'eV/molecule'),  # katrin
                        'O': (-3.586, 'eV/molecule'),  # katrin
    },
    # I have no idea where these come from, so I'll use Katrin's values
    # bindingEnergies={   # default values for Pt(111)
    #                    'H': (-2.479, 'eV/molecule'),  # katrin
    #                    'C': (-6.568, 'eV/molecule'),
    #                    'N': (-4.352, 'eV/molecule'),
    #                    'O': (-4.610, 'eV/molecule'),
    # },
    # bindingEnergies = {
    #                   'C':(-2.000000, 'eV/molecule'),
    #                   'O':(-6.500000, 'eV/molecule'),
    #                   'N':(-4.352, 'eV/molecule'),
    #                   'H':(-2.479, 'eV/molecule'),
    #                   },
    surfaceSiteDensity=(2.72e-9, 'mol/cm^2'),
)

# List of species
species(
    label='X',
    reactive=True,
    structure=adjacencyList("1 X u0"),
)

species(
    label='OX',
    reactive=True,
    structure=adjacencyList(
        """
1 O u0 p2 c0 {2,D}
2 X u0 p0 c0 {1,D}
"""),
)

species(
   label='O2',
   reactive=True,
   structure=adjacencyList(
       """
1 O u1 p2 c0 {2,S}
2 O u1 p2 c0 {1,S}
"""),
)

species(
    label='Ar',
    reactive=False,
    structure=SMILES("[Ar]"),
)

species(
    label='CO2',
    reactive=True,
    structure=SMILES("O=C=O"),
)

species(
    label='CO',
    reactive=True,
    structure=SMILES("[C-]#[O+]"),
)


#----------
# Reaction systems
surfaceReactor(
    temperature=(274,'K'),
    initialPressure=(1.0, 'bar'),
    initialGasMoleFractions={
        "CO": 0.1,
        "O2": 0.1,
        "Ar": 0.8,
    },
    initialSurfaceCoverages={
        "X": 1.0,
    },
    surfaceVolumeRatio=(1.e5, 'm^-1'),
    terminationConversion = { "CO":0.95,},
    terminationTime=(10., 's'),
#    terminationConversion={'O2': 0.99,},
    terminationRateRatio=0.01
)

surfaceReactor(
    temperature=(274,'K'),
    initialPressure=(1.0, 'bar'),
    initialGasMoleFractions={
        "CO": 0.1,
        "O2": 0.1,
        "Ar": 0.8,
    },
    initialSurfaceCoverages={
        "X": 0.9,
        "OX": 0.1,
    },
    surfaceVolumeRatio=(1.e5, 'm^-1'),
    terminationConversion = { "CO":0.95,},
    terminationTime=(10., 's'),
#    terminationConversion={'O2': 0.99,},
    terminationRateRatio=0.01
)

# low pressure
surfaceReactor(
    temperature=(274,'K'),
    initialPressure=(1.0e-6, 'bar'),
    initialGasMoleFractions={
        "CO": 0.1,
        "O2": 0.1,
        "Ar": 0.8,
    },
    initialSurfaceCoverages={
        "X": 1.0,
    },
    surfaceVolumeRatio=(1.e5, 'm^-1'),
    terminationConversion = { "CO":0.95,},
    terminationTime=(10., 's'),
#    terminationConversion={'O2': 0.99,},
    terminationRateRatio=0.01
)

surfaceReactor(
    temperature=(274,'K'),
    initialPressure=(1.0e-6, 'bar'),
    initialGasMoleFractions={
        "CO": 0.1,
        "O2": 0.1,
        "Ar": 0.8,
    },
    initialSurfaceCoverages={
        "X": 0.9,
        "OX": 0.1,
    },
    surfaceVolumeRatio=(1.e5, 'm^-1'),
    terminationConversion = { "CO":0.95,},
    terminationTime=(10., 's'),
#    terminationConversion={'O2': 0.99,},
    terminationRateRatio=0.01
)

simulator(
    atol=1e-18,
    rtol=1e-12,
)

model(
    toleranceKeepInEdge=0.0,
    toleranceMoveToCore=0.1,
    toleranceInterruptSimulation=0.1,
    maximumEdgeSpecies=500000,
)

options(
    units='si',
    saveRestartPeriod=None,
    generateOutputHTML=True,
    generatePlots=False,
    saveEdgeSpecies=True,
    saveSimulationProfiles=True,
)

#generatedSpeciesConstraints(
#    allowed=['input species','reaction libraries'],
#)

Using binding energies:
{'C': (-6.75,'eV/molecule'), 'H': (-2.479,'eV/molecule'), 'O': (-3.586,'eV/molecule'), 'N': (-4.352,'eV/molecule')}
Using surface site density: (2.72e-09,'mol/cm^2')
Coverage dependence is turned OFF

Surface reaction system 1
Gas phase mole fractions:
  CO                   0.1
  O2                   0.1
  Ar                   0.8
Total gas phase:          1 moles
Pressure:                 1e+05 Pa
Temperature:              274.0 K
Reactor volume:           0.0228 m3
Surface/volume ratio:     1e+05 m2/m3
Surface site density:     2.72e-05 mol/m2
Surface sites in reactor: 0.062 moles
Initial surface coverages (and amounts):
  X                  1 = 0.061966 moles

Surface reaction system 2
Gas phase mole fractions:
  CO                   0.1
  O2                   0.1
  Ar                   0.8
Total gas phase:          1 moles
Pressure:                 1e+05 Pa
Temperature:              274.0 K
Reactor volume:           0.0228 m3
Surface/volume ratio:     1e+05 m2/m3
Surface site density:     2.72e-05 mol/m2
Surface sites in reactor: 0.062 moles
Initial surface coverages (and amounts):
  X                  0.9 = 0.055769 moles
  OX                 0.1 = 0.0061966 moles

Surface reaction system 3
Gas phase mole fractions:
  CO                   0.1
  O2                   0.1
  Ar                   0.8
Total gas phase:          1 moles
Pressure:                 0.1 Pa
Temperature:              274.0 K
Reactor volume:           2.28e+04 m3
Surface/volume ratio:     1e+05 m2/m3
Surface site density:     2.72e-05 mol/m2
Surface sites in reactor: 6.2e+04 moles
Initial surface coverages (and amounts):
  X                  1 = 61966 moles

Surface reaction system 4
Gas phase mole fractions:
  CO                   0.1
  O2                   0.1
  Ar                   0.8
Total gas phase:          1 moles
Pressure:                 0.1 Pa
Temperature:              274.0 K
Reactor volume:           2.28e+04 m3
Surface/volume ratio:     1e+05 m2/m3
Surface site density:     2.72e-05 mol/m2
Surface sites in reactor: 6.2e+04 moles
Initial surface coverages (and amounts):
  X                  0.9 = 55769 moles
  OX                 0.1 = 6196.6 moles
Warning: Generate Output HTML option was turned on. Note that this will slow down model generation.
Warning: Edge species saving was turned on. This will slow down model generation for large simulations.

Loading transport library from PrimaryTransportLibrary.py in /home/harris.se/rmg/RMG-database/input/transport/libraries...
Loading transport library from GRI-Mech.py in /home/harris.se/rmg/RMG-database/input/transport/libraries...
Loading transport library from NOx2018.py in /home/harris.se/rmg/RMG-database/input/transport/libraries...
Loading transport library from NIST_Fluorine.py in /home/harris.se/rmg/RMG-database/input/transport/libraries...
Loading transport library from OneDMinN2.py in /home/harris.se/rmg/RMG-database/input/transport/libraries...
Loading transport group database from /home/harris.se/rmg/RMG-database/input/transport/groups...
Loading kinetics library Surface/CPOX_Pt/Deutschmann2006_adjusted from /home/harris.se/rmg/RMG-database/input/kinetics/libraries/Surface/CPOX_Pt/Deutschmann2006_adjusted/reactions.py...
Loading kinetics library BurkeH2O2inArHe from /home/harris.se/rmg/RMG-database/input/kinetics/libraries/BurkeH2O2inArHe/reactions.py...
Loading frequencies group database from /home/harris.se/rmg/RMG-database/input/statmech/groups...
Loading solvation thermodynamics group database from /home/harris.se/rmg/RMG-database/input/solvation/groups...
Loading thermodynamics library from surfaceThermoPt111.py in /home/harris.se/rmg/RMG-database/input/thermo/libraries...
Loading thermodynamics library from primaryThermoLibrary.py in /home/harris.se/rmg/RMG-database/input/thermo/libraries...
Loading thermodynamics library from thermo_DFT_CCSDTF12_BAC.py in /home/harris.se/rmg/RMG-database/input/thermo/libraries...
Loading thermodynamics library from DFT_QCI_thermo.py in /home/harris.se/rmg/RMG-database/input/thermo/libraries...
Loading thermodynamics group database from /home/harris.se/rmg/RMG-database/input/thermo/groups...
Trimolecular reactions are turned on
Adding rate rules from training set in kinetics families...
Warning: Found multiple binding energies for 'Cu'. Using 'Cu111'.
Warning: Found multiple binding energies for 'Cu'. Using 'Cu111'.
Warning: Found multiple binding energies for 'Cu'. Using 'Cu111'.
Warning: Found multiple binding energies for 'Cu'. Using 'Cu111'.
Warning: Found multiple binding energies for 'Cu'. Using 'Cu111'.
Warning: Found multiple binding energies for 'Cu'. Using 'Cu111'.
Warning: Found multiple binding energies for 'Cu'. Using 'Cu111'.
Warning: Found multiple binding energies for 'Cu'. Using 'Cu111'.
Warning: Cphigh is above the theoretical CpInf value for ThermoData object
ThermoData(Tdata=([300,400,500,600,800,1000,1500],'K'), Cpdata=([11.54,14.52,16.98,18.92,21.57,23.27,25.39],'cal/(mol*K)'), H298=(-91.45,'kcal/mol'), S298=(26.4,'cal/(mol*K)'), Cp0=(33.2579,'J/(mol*K)'), CpInf=(103.931,'J/(mol*K)'), label="""formic_acidX""", comment="""Gas phase thermo for formic_acid from Thermo library: thermo_DFT_CCSDTF12_BAC. Adsorption correction: + Thermo group additivity estimation: adsorptionPt111((CR2CR)*) Binding energy corrected by LSR () from Pt111""").
The thermo for this species is probably wrong! Setting CpInf = Cphigh for Entropy calculationat T = 2000.0 K...
Warning: Cphigh is above the theoretical CpInf value for ThermoData object
ThermoData(Tdata=([300,400,500,600,800,1000,1500],'K'), Cpdata=([11.54,14.52,16.98,18.92,21.57,23.27,25.39],'cal/(mol*K)'), H298=(-91.45,'kcal/mol'), S298=(26.4,'cal/(mol*K)'), Cp0=(33.2579,'J/(mol*K)'), CpInf=(103.931,'J/(mol*K)'), label="""formic_acidX""", comment="""Gas phase thermo for formic_acid from Thermo library: thermo_DFT_CCSDTF12_BAC. Adsorption correction: + Thermo group additivity estimation: adsorptionPt111((CR2CR)*) Binding energy corrected by LSR () from Pt111""").
The thermo for this species is probably wrong! Setting CpInf = Cphigh for Entropy calculationat T = 1666.6666666666665 K...
Warning: Found multiple binding energies for 'Cu'. Using 'Cu111'.
Warning: Found multiple binding energies for 'Cu'. Using 'Cu111'.
Warning: Found multiple binding energies for 'Cu'. Using 'Cu111'.
Warning: Found multiple binding energies for 'Cu'. Using 'Cu111'.
Warning: Found multiple binding energies for 'Cu'. Using 'Cu111'.
Warning: Found multiple binding energies for 'Cu'. Using 'Cu111'.
Warning: Found multiple binding energies for 'Cu'. Using 'Cu111'.
Warning: Found multiple binding energies for 'Cu'. Using 'Cu111'.
Warning: Found multiple binding energies for 'Pt'. Using 'Pt111'.
Warning: Found multiple binding energies for 'Pt'. Using 'Pt111'.
Warning: Found multiple binding energies for 'Pt'. Using 'Pt111'.
Warning: Found multiple binding energies for 'Pt'. Using 'Pt111'.
Warning: Found multiple binding energies for 'Cu'. Using 'Cu111'.
Warning: Found multiple binding energies for 'Cu'. Using 'Cu111'.
Warning: Found multiple binding energies for 'Cu'. Using 'Cu111'.
Warning: Found multiple binding energies for 'Cu'. Using 'Cu111'.
Warning: Found multiple binding energies for 'Ni'. Using 'Ni111'.
Warning: Found multiple binding energies for 'Ni'. Using 'Ni111'.
Warning: Found multiple binding energies for 'Ni'. Using 'Ni111'.
Warning: Found multiple binding energies for 'Ni'. Using 'Ni111'.
Warning: Found multiple binding energies for 'Ni'. Using 'Ni111'.
Warning: Found multiple binding energies for 'Ni'. Using 'Ni111'.
Warning: Found multiple binding energies for 'Ni'. Using 'Ni111'.
Warning: Found multiple binding energies for 'Ni'. Using 'Ni111'.
Warning: Found multiple binding energies for 'Ni'. Using 'Ni111'.
Warning: Found multiple binding energies for 'Ni'. Using 'Ni111'.
Warning: Found multiple binding energies for 'Ni'. Using 'Ni111'.
Warning: Found multiple binding energies for 'Ni'. Using 'Ni111'.
Warning: Found multiple binding energies for 'Cu'. Using 'Cu111'.
Warning: Found multiple binding energies for 'Cu'. Using 'Cu111'.
Warning: Found multiple binding energies for 'Cu'. Using 'Cu111'.
Warning: Found multiple binding energies for 'Cu'. Using 'Cu111'.
Warning: Found multiple binding energies for 'Cu'. Using 'Cu111'.
Warning: Found multiple binding energies for 'Cu'. Using 'Cu111'.
Warning: Found multiple binding energies for 'Cu'. Using 'Cu111'.
Warning: Found multiple binding energies for 'Cu'. Using 'Cu111'.
Warning: Found multiple binding energies for 'Cu'. Using 'Cu111'.
Warning: Found multiple binding energies for 'Cu'. Using 'Cu111'.
Warning: Found multiple binding energies for 'Cu'. Using 'Cu111'.
Warning: Found multiple binding energies for 'Cu'. Using 'Cu111'.
Warning: Cphigh is above the theoretical CpInf value for ThermoData object
ThermoData(Tdata=([300,400,500,600,800,1000,1500],'K'), Cpdata=([11.54,14.52,16.98,18.92,21.57,23.27,25.39],'cal/(mol*K)'), H298=(-91.45,'kcal/mol'), S298=(26.4,'cal/(mol*K)'), Cp0=(33.2579,'J/(mol*K)'), CpInf=(103.931,'J/(mol*K)'), label="""formic_acidX""", comment="""Gas phase thermo for formic_acid from Thermo library: thermo_DFT_CCSDTF12_BAC. Adsorption correction: + Thermo group additivity estimation: adsorptionPt111((CR2CR)*) Binding energy corrected by LSR () from Pt111""").
The thermo for this species is probably wrong! Setting CpInf = Cphigh for Entropy calculationat T = 2000.0 K...
Warning: Cphigh is above the theoretical CpInf value for ThermoData object
ThermoData(Tdata=([300,400,500,600,800,1000,1500],'K'), Cpdata=([11.54,14.52,16.98,18.92,21.57,23.27,25.39],'cal/(mol*K)'), H298=(-91.45,'kcal/mol'), S298=(26.4,'cal/(mol*K)'), Cp0=(33.2579,'J/(mol*K)'), CpInf=(103.931,'J/(mol*K)'), label="""formic_acidX""", comment="""Gas phase thermo for formic_acid from Thermo library: thermo_DFT_CCSDTF12_BAC. Adsorption correction: + Thermo group additivity estimation: adsorptionPt111((CR2CR)*) Binding energy corrected by LSR () from Pt111""").
The thermo for this species is probably wrong! Setting CpInf = Cphigh for Entropy calculationat T = 1666.6666666666665 K...
Warning: Found multiple binding energies for 'Cu'. Using 'Cu111'.
Warning: Found multiple binding energies for 'Cu'. Using 'Cu111'.
Warning: Found multiple binding energies for 'Cu'. Using 'Cu111'.
Warning: Found multiple binding energies for 'Cu'. Using 'Cu111'.
Warning: Cphigh is above the theoretical CpInf value for ThermoData object
ThermoData(Tdata=([300,400,500,600,800,1000,1500],'K'), Cpdata=([11.54,14.52,16.98,18.92,21.57,23.27,25.39],'cal/(mol*K)'), H298=(-91.45,'kcal/mol'), S298=(26.4,'cal/(mol*K)'), Cp0=(33.2579,'J/(mol*K)'), CpInf=(103.931,'J/(mol*K)'), label="""formic_acidX""", comment="""Gas phase thermo for formic_acid from Thermo library: thermo_DFT_CCSDTF12_BAC. Adsorption correction: + Thermo group additivity estimation: adsorptionPt111((CR2CR)*) Binding energy corrected by LSR () from Pt111""").
The thermo for this species is probably wrong! Setting CpInf = Cphigh for Entropy calculationat T = 2000.0 K...
Warning: Cphigh is above the theoretical CpInf value for ThermoData object
ThermoData(Tdata=([300,400,500,600,800,1000,1500],'K'), Cpdata=([11.54,14.52,16.98,18.92,21.57,23.27,25.39],'cal/(mol*K)'), H298=(-91.45,'kcal/mol'), S298=(26.4,'cal/(mol*K)'), Cp0=(33.2579,'J/(mol*K)'), CpInf=(103.931,'J/(mol*K)'), label="""formic_acidX""", comment="""Gas phase thermo for formic_acid from Thermo library: thermo_DFT_CCSDTF12_BAC. Adsorption correction: + Thermo group additivity estimation: adsorptionPt111((CR2CR)*) Binding energy corrected by LSR () from Pt111""").
The thermo for this species is probably wrong! Setting CpInf = Cphigh for Entropy calculationat T = 1666.6666666666665 K...
Warning: Found multiple binding energies for 'Cu'. Using 'Cu111'.
Warning: Found multiple binding energies for 'Cu'. Using 'Cu111'.
Warning: Found multiple binding energies for 'Cu'. Using 'Cu111'.
Warning: Found multiple binding energies for 'Cu'. Using 'Cu111'.
Warning: Found multiple binding energies for 'Cu'. Using 'Cu111'.
Warning: Found multiple binding energies for 'Cu'. Using 'Cu111'.
Warning: Found multiple binding energies for 'Cu'. Using 'Cu111'.
Warning: Found multiple binding energies for 'Cu'. Using 'Cu111'.
Warning: Found multiple binding energies for 'Cu'. Using 'Cu111'.
Warning: Found multiple binding energies for 'Cu'. Using 'Cu111'.
Warning: Found multiple binding energies for 'Cu'. Using 'Cu111'.
Warning: Found multiple binding energies for 'Cu'. Using 'Cu111'.
Warning: Found multiple binding energies for 'Cu'. Using 'Cu111'.
Warning: Found multiple binding energies for 'Cu'. Using 'Cu111'.
Warning: Found multiple binding energies for 'Cu'. Using 'Cu111'.
Warning: Found multiple binding energies for 'Cu'. Using 'Cu111'.
Filling in rate rules in kinetics families by averaging...
Adding reaction library Surface/CPOX_Pt/Deutschmann2006_adjusted to model edge...

Summary of Model Enlargement
---------------------------------
Added 0 new core species
Created 12 new edge species
    H2(6)
    HX(7)
    CH4(8)
    CH3X(9)
    HOX(10)
    H2OX(11)
    H2O(12)
    CO2X(13)
    OCX(14)
    CX(15)
    CH2X(16)
    CHX(17)
Added 0 new core reactions
Created 18 new edge reactions
    X(1) + X(1) + H2(6) <=> HX(7) + HX(7)
    X(1) + OX(2) + CH4(8) <=> HOX(10) + CH3X(9)
    X(1) + HOX(10) + CH4(8) <=> H2OX(11) + CH3X(9)
    X(1) + H2O(12) <=> H2OX(11)
    X(1) + CO2(4) <=> CO2X(13)
    OX(2) + OX(2) <=> X(1) + X(1) + O2(3)
    OCX(14) <=> X(1) + CO(5)
    X(1) + OCX(14) <=> OX(2) + CX(15)
    OX(2) + OCX(14) <=> X(1) + CO2X(13)
    HOX(10) + OCX(14) <=> HX(7) + CO2X(13)
    HX(7) + CH2X(16) <=> X(1) + CH3X(9)
    X(1) + CH2X(16) <=> HX(7) + CHX(17)
    X(1) + CHX(17) <=> HX(7) + CX(15)
    X(1) + HOX(10) <=> OX(2) + HX(7)
    X(1) + H2OX(11) <=> HX(7) + HOX(10)
    OX(2) + H2OX(11) <=> HOX(10) + HOX(10)
    H2(6) + CX(15) <=> CH2X(16)
    HX(7) + CH3X(9) <=> X(1) + X(1) + CH4(8)

After model enlargement:
    The model core has 0 species and 0 reactions
    The model edge has 18 species and 18 reactions

Adding reaction library BurkeH2O2inArHe to model edge...

Summary of Model Enlargement
---------------------------------
Added 0 new core species
Created 6 new edge species
    H(18)
    O(19)
    OH(20)
    He(21)
    HO2(22)
    H2O2(23)
Added 0 new core reactions
Created 30 new edge reactions
    O2(3) + H(18) <=> O(19) + OH(20)
    O(19) + H2(6) <=> H(18) + OH(20)
    OH(20) + H2(6) <=> H(18) + H2O(12)
    OH(20) + OH(20) <=> O(19) + H2O(12)
    H2(6) <=> H(18) + H(18)
    Ar + H2(6) <=> Ar + H(18) + H(18)
    He(21) + H2(6) <=> He(21) + H(18) + H(18)
    O(19) + O(19) <=> O2(3)
    Ar + O(19) + O(19) <=> Ar + O2(3)
    He(21) + O(19) + O(19) <=> He(21) + O2(3)
    O(19) + H(18) <=> OH(20)
    H2O(12) <=> H(18) + OH(20)
    H2O(12) + H2O(12) <=> H(18) + OH(20) + H2O(12)
    O2(3) + H(18) <=> HO2(22)
    H(18) + HO2(22) <=> O2(3) + H2(6)
    H(18) + HO2(22) <=> OH(20) + OH(20)
    O(19) + HO2(22) <=> O2(3) + OH(20)
    OH(20) + HO2(22) <=> O2(3) + H2O(12)
    HO2(22) + HO2(22) <=> O2(3) + H2O2(23)
    H2O2(23) <=> OH(20) + OH(20)
    H(18) + H2O2(23) <=> OH(20) + H2O(12)
    H(18) + H2O2(23) <=> HO2(22) + H2(6)
    O(19) + H2O2(23) <=> OH(20) + HO2(22)
    OH(20) + H2O2(23) <=> HO2(22) + H2O(12)
    H(18) + HO2(22) <=> O(19) + H2O(12)
    H(18) + HO2(22) <=> H2O2(23)
    OH(20) + OH(20) <=> O2(3) + H2(6)
    O(19) + H2O(12) <=> O2(3) + H2(6)
    O(19) + H2O2(23) <=> O2(3) + H2O(12)
    O(19) + OH(20) <=> HO2(22)

After model enlargement:
    The model core has 0 species and 0 reactions
    The model edge has 24 species and 48 reactions

NOT generating reactions for unreactive species Ar

Summary of Model Enlargement
---------------------------------
Added 1 new core species
    Ar
Created 0 new edge species
Added 0 new core reactions
Created 0 new edge reactions

After model enlargement:
    The model core has 1 species and 0 reactions
    The model edge has 23 species and 48 reactions


NOT generating reactions for unreactive species Ne

Summary of Model Enlargement
---------------------------------
Added 1 new core species
    Ne
Created 0 new edge species
Added 0 new core reactions
Created 0 new edge reactions

After model enlargement:
    The model core has 2 species and 0 reactions
    The model edge has 23 species and 48 reactions


NOT generating reactions for unreactive species N2

Summary of Model Enlargement
---------------------------------
Added 1 new core species
    N2
Created 0 new edge species
Added 0 new core reactions
Created 0 new edge reactions

After model enlargement:
    The model core has 3 species and 0 reactions
    The model edge has 23 species and 48 reactions


Adding species X(1) to model core

Summary of Model Enlargement
---------------------------------
Added 1 new core species
    X(1)
Created 0 new edge species
Added 0 new core reactions
Created 0 new edge reactions

After model enlargement:
    The model core has 4 species and 0 reactions
    The model edge has 22 species and 48 reactions


Adding species OX(2) to model core

Summary of Model Enlargement
---------------------------------
Added 1 new core species
    OX(2)
Created 0 new edge species
Added 0 new core reactions
Created 0 new edge reactions

After model enlargement:
    The model core has 5 species and 0 reactions
    The model edge has 21 species and 48 reactions


Adding species O2(3) to model core

Summary of Model Enlargement
---------------------------------
Added 1 new core species
    O2(3)
Created 0 new edge species
Moved 1 reactions from edge to core
    OX(2) + OX(2) <=> X(1) + X(1) + O2(3)
Added 0 new core reactions
Created 0 new edge reactions

After model enlargement:
    The model core has 6 species and 1 reactions
    The model edge has 20 species and 47 reactions


Adding species CO2(4) to model core

Summary of Model Enlargement
---------------------------------
Added 1 new core species
    CO2(4)
Created 0 new edge species
Added 0 new core reactions
Created 0 new edge reactions

After model enlargement:
    The model core has 7 species and 1 reactions
    The model edge has 19 species and 47 reactions


Adding species CO(5) to model core

Summary of Model Enlargement
---------------------------------
Added 1 new core species
    CO(5)
Created 0 new edge species
Added 0 new core reactions
Created 0 new edge reactions

After model enlargement:
    The model core has 8 species and 1 reactions
    The model edge has 18 species and 47 reactions


Initialization complete. Starting model generation.

Generating initial reactions...
For reaction generation 1 process is used.
For reaction O2(3) + CO2(4) <=> [O]OO[C]=O(27), Ea raised from 413.6 to 418.2 kJ/mol to match endothermicity of reaction.
For reaction O2(3) + CO2(4) <=> [O]OC([O])=O(28), Ea raised from 298.1 to 300.3 kJ/mol to match endothermicity of reaction.
For reaction CO2(4) + CO2(4) <=> O=C1OOC1=O(32), Ea raised from 333.9 to 341.4 kJ/mol to match endothermicity of reaction.
Generating thermo for new species...

Summary of Secondary Model Edge Enlargement
---------------------------------
Added 0 new core species
Created 9 new edge species
    O=C([Pt])O[Pt](24)
    [Pt]OO[Pt](25)
    O=O.[Pt](26)
    [O]OO[C]=O(27)
    [O]OC([O])=O(28)
    [O]C(=O)C([O])=O(29)
    [O]C(=O)O[C]=O(30)
    O=[C]OO[C]=O(31)
    O=C1OOC1=O(32)
Added 0 new core reactions
Created 10 new edge reactions
    X(1) + X(1) + CO2(4) <=> O=C([Pt])O[Pt](24)
    X(1) + X(1) + CO2(4) <=> OX(2) + OCX(14)
    [Pt]OO[Pt](25) <=> OX(2) + OX(2)
    X(1) + O=O.[Pt](26) <=> OX(2) + OX(2)
    O2(3) + CO2(4) <=> [O]OO[C]=O(27)
    O2(3) + CO2(4) <=> [O]OC([O])=O(28)
    [O]C(=O)C([O])=O(29) <=> CO2(4) + CO2(4)
    [O]C(=O)O[C]=O(30) <=> CO2(4) + CO2(4)
    O=[C]OO[C]=O(31) <=> CO2(4) + CO2(4)
    CO2(4) + CO2(4) <=> O=C1OOC1=O(32)

After model enlargement:
    The model core has 8 species and 1 reactions
    The model edge has 27 species and 57 reactions


Completed initial enlarge edge step.

Saving current model core to Chemkin file...
Chemkin file contains 0 reactions.
Chemkin file contains 1 reactions.
Saving annotated version of Chemkin files...
Chemkin file contains 0 reactions.
Chemkin file contains 1 reactions.
Saving current model core and edge to Chemkin file...
Chemkin file contains 39 reactions.
Chemkin file contains 22 reactions.
Saving annotated version of Chemkin files...
Chemkin file contains 39 reactions.
Chemkin file contains 22 reactions.
Saving current model core to HTML file...
Saving current model edge to HTML file...
Updating RMG execution statistics...
    Execution time (DD:HH:MM:SS): 00:00:01:30
    Memory used: 1330.95 MB

Making seed mechanism...
Beginning model generation stage 1...

Making seed mechanism...
Conducting simulation of reaction system 1...
Warning: Pressure may be varying, but using initial pressure to evaluate k(T,P) expressions!
At time 0.0000e+00 s, species OCX(14) at 14513.09893216966 exceeded the minimum rate for simulation interruption of 0.1
Reached max number of objects...preparing to terminate
At time 0.0000e+00 s, species OCX(14) at rate ratio 14513.09893216966 exceeded the minimum rate for moving to model core of 0.1
terminating simulation due to interrupt...


Adding species OCX(14) to model core

Summary of Model Enlargement
---------------------------------
Added 1 new core species
    OCX(14)
Created 0 new edge species
Moved 2 reactions from edge to core
    OCX(14) <=> X(1) + CO(5)
    X(1) + X(1) + CO2(4) <=> OX(2) + OCX(14)
Added 0 new core reactions
Created 0 new edge reactions

After model enlargement:
    The model core has 9 species and 3 reactions
    The model edge has 26 species and 55 reactions


For reaction generation 1 process is used.
Error: Could not update atomtypes for this molecule:
multiplicity 1
1 *1 O u1 p1 c0 {2,T}
2 *3 C u1 p0 c0 {1,T}

For reaction O=C([Pt])O[Pt](24) <=> OX(2) + OCX(14), Ea raised from 0.0 to 228.4 kJ/mol to match endothermicity of reaction.
Generating thermo for new species...

Summary of Secondary Model Edge Enlargement
---------------------------------
Added 0 new core species
Created 4 new edge species
    [Pt]OC#[Pt](33)
    O=C=C=O(34)
    O=C([Pt])C(=O)[Pt](35)
    O=C=C=O.[Pt](36)
Added 0 new core reactions
Created 5 new edge reactions
    X(1) + OCX(14) <=> [Pt]OC#[Pt](33)
    O=C([Pt])O[Pt](24) <=> OX(2) + OCX(14)
    X(1) + X(1) + O=C=C=O(34) <=> OCX(14) + OCX(14)
    O=C([Pt])C(=O)[Pt](35) <=> OCX(14) + OCX(14)
    X(1) + O=C=C=O.[Pt](36) <=> OCX(14) + OCX(14)

After model enlargement:
    The model core has 9 species and 3 reactions
    The model edge has 30 species and 60 reactions


Saving current model core to Chemkin file...
Chemkin file contains 0 reactions.
Chemkin file contains 3 reactions.
Saving annotated version of Chemkin files...
Chemkin file contains 0 reactions.
Chemkin file contains 3 reactions.
Saving current model core and edge to Chemkin file...
Chemkin file contains 39 reactions.
Chemkin file contains 27 reactions.
Saving annotated version of Chemkin files...
Chemkin file contains 39 reactions.
Chemkin file contains 27 reactions.
Saving current model core to HTML file...
Saving current model edge to HTML file...
Updating RMG execution statistics...
    Execution time (DD:HH:MM:SS): 00:00:01:33
    Memory used: 1332.36 MB

Conducting simulation of reaction system 2...
Warning: Pressure may be varying, but using initial pressure to evaluate k(T,P) expressions!
At time 5.9463e-13 s, species [Pt]OC#[Pt](33) at 0.12463452873557856 exceeded the minimum rate for simulation interruption of 0.1
Reached max number of objects...preparing to terminate
At time 5.9463e-13 s, species [Pt]OC#[Pt](33) at rate ratio 0.12463452873557856 exceeded the minimum rate for moving to model core of 0.1
terminating simulation due to interrupt...


Adding species [Pt]OC#[Pt](33) to model core

Summary of Model Enlargement
---------------------------------
Added 1 new core species
    [Pt]OC#[Pt](33)
Created 0 new edge species
Moved 1 reactions from edge to core
    X(1) + OCX(14) <=> [Pt]OC#[Pt](33)
Added 0 new core reactions
Created 0 new edge reactions

After model enlargement:
    The model core has 10 species and 4 reactions
    The model edge has 29 species and 59 reactions


For reaction generation 1 process is used.
For reaction [Pt]OC#[Pt](33) <=> OX(2) + CX(15), Ea raised from 0.0 to 235.1 kJ/mol to match endothermicity of reaction.
For reaction [Pt]OC(=[Pt])O[Pt](37) <=> OX(2) + [Pt]OC#[Pt](33), Ea raised from 0.0 to 206.4 kJ/mol to match endothermicity of reaction.
For reaction [Pt]OC#[Pt](33) + CO2(4) <=> O=C(O[Pt])OC#[Pt](39), Ea raised from 291.6 to 295.3 kJ/mol to match endothermicity of reaction.
Generating thermo for new species...

Summary of Secondary Model Edge Enlargement
---------------------------------
Added 0 new core species
Created 12 new edge species
    [Pt]OC(=[Pt])O[Pt](37)
    [Pt]OOC#[Pt](38)
    O=C(O[Pt])OC#[Pt](39)
    O=C([Pt])OOC#[Pt](40)
    O=C([Pt])C#[Pt](41)
    [Pt]#COC#[Pt](42)
    O=C([Pt])C(=[Pt])O[Pt](43)
    O=C([Pt])OC#[Pt](44)
    [Pt]#COOC#[Pt](45)
    [Pt]OC(=[Pt])C#[Pt](46)
    [Pt]OC(=[Pt])C(=[Pt])O[Pt](47)
    [Pt]OC(=[Pt])OC#[Pt](48)
Added 0 new core reactions
Created 16 new edge reactions
    [Pt]OC#[Pt](33) <=> OX(2) + CX(15)
    [Pt]OO[Pt](25) + CX(15) <=> OX(2) + [Pt]OC#[Pt](33)
    [Pt]OC(=[Pt])O[Pt](37) <=> OX(2) + [Pt]OC#[Pt](33)
    X(1) + [Pt]OOC#[Pt](38) <=> OX(2) + [Pt]OC#[Pt](33)
    [Pt]OC#[Pt](33) + CO2(4) <=> O=C(O[Pt])OC#[Pt](39)
    [Pt]OC#[Pt](33) + CO2(4) <=> O=C([Pt])OOC#[Pt](40)
    OX(2) + O=C([Pt])C#[Pt](41) <=> OCX(14) + [Pt]OC#[Pt](33)
    CX(15) + O=C([Pt])O[Pt](24) <=> OCX(14) + [Pt]OC#[Pt](33)
    OX(2) + [Pt]#COC#[Pt](42) <=> OCX(14) + [Pt]OC#[Pt](33)
    O=C([Pt])C(=[Pt])O[Pt](43) <=> OCX(14) + [Pt]OC#[Pt](33)
    X(1) + O=C([Pt])OC#[Pt](44) <=> OCX(14) + [Pt]OC#[Pt](33)
    OCX(14) + [Pt]OC#[Pt](33) <=> X(1) + [Pt]#COOC#[Pt](45)
    OX(2) + [Pt]OC(=[Pt])C#[Pt](46) <=> [Pt]OC#[Pt](33) + [Pt]OC#[Pt](33)
    CX(15) + [Pt]OC(=[Pt])O[Pt](37) <=> [Pt]OC#[Pt](33) + [Pt]OC#[Pt](33)
    [Pt]OC(=[Pt])C(=[Pt])O[Pt](47) <=> [Pt]OC#[Pt](33) + [Pt]OC#[Pt](33)
    X(1) + [Pt]OC(=[Pt])OC#[Pt](48) <=> [Pt]OC#[Pt](33) + [Pt]OC#[Pt](33)

After model enlargement:
    The model core has 10 species and 4 reactions
    The model edge has 41 species and 75 reactions


Saving current model core to Chemkin file...
Chemkin file contains 0 reactions.
Chemkin file contains 4 reactions.
Saving annotated version of Chemkin files...
Chemkin file contains 0 reactions.
Chemkin file contains 4 reactions.
Saving current model core and edge to Chemkin file...
Chemkin file contains 39 reactions.
Chemkin file contains 43 reactions.
Saving annotated version of Chemkin files...
Chemkin file contains 39 reactions.
Chemkin file contains 43 reactions.
Saving current model core to HTML file...
Saving current model edge to HTML file...
Updating RMG execution statistics...
    Execution time (DD:HH:MM:SS): 00:00:01:35
    Memory used: 1332.55 MB

Conducting simulation of reaction system 3...
Warning: Pressure may be varying, but using initial pressure to evaluate k(T,P) expressions!
At time 5.7119e-02 s, species O=C([Pt])O[Pt](24) at 0.1006549637723762 exceeded the minimum rate for simulation interruption of 0.1
Reached max number of objects...preparing to terminate
At time 5.7119e-02 s, species O=C([Pt])O[Pt](24) at rate ratio 0.1006549637723762 exceeded the minimum rate for moving to model core of 0.1
terminating simulation due to interrupt...


Adding species O=C([Pt])O[Pt](24) to model core

Summary of Model Enlargement
---------------------------------
Added 1 new core species
    O=C([Pt])O[Pt](24)
Created 0 new edge species
Moved 2 reactions from edge to core
    X(1) + X(1) + CO2(4) <=> O=C([Pt])O[Pt](24)
    O=C([Pt])O[Pt](24) <=> OX(2) + OCX(14)
Added 0 new core reactions
Created 0 new edge reactions

After model enlargement:
    The model core has 11 species and 6 reactions
    The model edge has 40 species and 73 reactions


For reaction generation 1 process is used.
For reaction X(1) + O=C([Pt])O[Pt](24) <=> [Pt]OC(=[Pt])O[Pt](37), Ea raised from 17.5 to 17.5 kJ/mol to match endothermicity of reaction.
For reaction CO2(4) + O=C([Pt])O[Pt](24) <=> O=C(O[Pt])C(=O)O[Pt](51), Ea raised from 442.2 to 443.0 kJ/mol to match endothermicity of reaction.
For reaction CO2(4) + O=C([Pt])O[Pt](24) <=> O=C([Pt])OC(=O)O[Pt](52), Ea raised from 374.1 to 376.9 kJ/mol to match endothermicity of reaction.
For reaction CO2(4) + O=C([Pt])O[Pt](24) <=> O=C([Pt])OC(=O)O[Pt](52), Ea raised from 374.1 to 376.9 kJ/mol to match endothermicity of reaction.
For reaction CO2(4) + O=C([Pt])O[Pt](24) <=> O=C([Pt])OOC(=O)[Pt](53), Ea raised from 437.2 to 441.3 kJ/mol to match endothermicity of reaction.
For reaction OCX(14) + O=C([Pt])O[Pt](24) <=> X(1) + O=C(O[Pt])OC#[Pt](39), Ea raised from 512.1 to 512.5 kJ/mol to match endothermicity of reaction.
For reaction [Pt]OC#[Pt](33) + O=C([Pt])O[Pt](24) <=> X(1) + [Pt]OC(=[Pt])OOC#[Pt](58), Ea raised from 135.5 to 138.2 kJ/mol to match endothermicity of reaction.
For reaction O=C([Pt])O[Pt](24) + O=C([Pt])O[Pt](24) <=> X(1) + O=C(O[Pt])OC(=[Pt])O[Pt](60), Ea raised from 566.7 to 568.7 kJ/mol to match endothermicity of reaction.
For reaction O=C([Pt])O[Pt](24) + O=C([Pt])O[Pt](24) <=> X(1) + O=C([Pt])OOC(=[Pt])O[Pt](61), Ea raised from 629.8 to 633.1 kJ/mol to match endothermicity of reaction.
Generating thermo for new species...

Summary of Secondary Model Edge Enlargement
---------------------------------
Added 0 new core species
Created 13 new edge species
    O=C(O[Pt])O[Pt](49)
    O=C([Pt])OO[Pt](50)
    O=C(O[Pt])C(=O)O[Pt](51)
    O=C([Pt])OC(=O)O[Pt](52)
    O=C([Pt])OOC(=O)[Pt](53)
    O=C([Pt])C(=O)O[Pt](54)
    O=C([Pt])OC(=O)[Pt](55)
    O=C(O[Pt])C(=[Pt])O[Pt](56)
    O=C([Pt])OC(=[Pt])O[Pt](57)
    [Pt]OC(=[Pt])OOC#[Pt](58)
    [Pt]OOC(=[Pt])O[Pt](59)
    O=C(O[Pt])OC(=[Pt])O[Pt](60)
    O=C([Pt])OOC(=[Pt])O[Pt](61)
Added 0 new core reactions
Created 26 new edge reactions
    X(1) + CO2X(13) <=> O=C([Pt])O[Pt](24)
    X(1) + O=C([Pt])O[Pt](24) <=> [Pt]OC(=[Pt])O[Pt](37)
    [Pt]OO[Pt](25) + OCX(14) <=> OX(2) + O=C([Pt])O[Pt](24)
    X(1) + O=C(O[Pt])O[Pt](49) <=> OX(2) + O=C([Pt])O[Pt](24)
    X(1) + O=C([Pt])OO[Pt](50) <=> OX(2) + O=C([Pt])O[Pt](24)
    CO2(4) + O=C([Pt])O[Pt](24) <=> O=C(O[Pt])C(=O)O[Pt](51)
    CO2(4) + O=C([Pt])O[Pt](24) <=> O=C([Pt])OC(=O)O[Pt](52)
    CO2(4) + O=C([Pt])O[Pt](24) <=> O=C([Pt])OC(=O)O[Pt](52)
    CO2(4) + O=C([Pt])O[Pt](24) <=> O=C([Pt])OOC(=O)[Pt](53)
    OX(2) + O=C([Pt])C(=O)[Pt](35) <=> OCX(14) + O=C([Pt])O[Pt](24)
    OX(2) + O=C([Pt])OC#[Pt](44) <=> OCX(14) + O=C([Pt])O[Pt](24)
    OCX(14) + [Pt]OOC#[Pt](38) <=> OCX(14) + O=C([Pt])O[Pt](24)
    X(1) + O=C([Pt])C(=O)O[Pt](54) <=> OCX(14) + O=C([Pt])O[Pt](24)
    X(1) + O=C([Pt])OC(=O)[Pt](55) <=> OCX(14) + O=C([Pt])O[Pt](24)
    OCX(14) + O=C([Pt])O[Pt](24) <=> X(1) + O=C(O[Pt])OC#[Pt](39)
    OCX(14) + O=C([Pt])O[Pt](24) <=> X(1) + O=C([Pt])OOC#[Pt](40)
    OX(2) + O=C([Pt])C(=[Pt])O[Pt](43) <=> [Pt]OC#[Pt](33) + O=C([Pt])O[Pt](24)
    OCX(14) + [Pt]OC(=[Pt])O[Pt](37) <=> [Pt]OC#[Pt](33) + O=C([Pt])O[Pt](24)
    OX(2) + [Pt]OC(=[Pt])OC#[Pt](48) <=> [Pt]OC#[Pt](33) + O=C([Pt])O[Pt](24)
    X(1) + O=C(O[Pt])C(=[Pt])O[Pt](56) <=> [Pt]OC#[Pt](33) + O=C([Pt])O[Pt](24)
    X(1) + O=C([Pt])OC(=[Pt])O[Pt](57) <=> [Pt]OC#[Pt](33) + O=C([Pt])O[Pt](24)
    [Pt]OC#[Pt](33) + O=C([Pt])O[Pt](24) <=> X(1) + [Pt]OC(=[Pt])OOC#[Pt](58)
    OX(2) + O=C([Pt])OC(=[Pt])O[Pt](57) <=> O=C([Pt])O[Pt](24) + O=C([Pt])O[Pt](24)
    OCX(14) + [Pt]OOC(=[Pt])O[Pt](59) <=> O=C([Pt])O[Pt](24) + O=C([Pt])O[Pt](24)
    O=C([Pt])O[Pt](24) + O=C([Pt])O[Pt](24) <=> X(1) + O=C(O[Pt])OC(=[Pt])O[Pt](60)
    O=C([Pt])O[Pt](24) + O=C([Pt])O[Pt](24) <=> X(1) + O=C([Pt])OOC(=[Pt])O[Pt](61)

After model enlargement:
    The model core has 11 species and 6 reactions
    The model edge has 53 species and 99 reactions


Saving current model core to Chemkin file...
Chemkin file contains 0 reactions.
Chemkin file contains 6 reactions.
Saving annotated version of Chemkin files...
Chemkin file contains 0 reactions.
Chemkin file contains 6 reactions.
Saving current model core and edge to Chemkin file...
Chemkin file contains 39 reactions.
Chemkin file contains 69 reactions.
Saving annotated version of Chemkin files...
Chemkin file contains 39 reactions.
Chemkin file contains 69 reactions.
Saving current model core to HTML file...
Saving current model edge to HTML file...
Updating RMG execution statistics...
    Execution time (DD:HH:MM:SS): 00:00:01:38
    Memory used: 1332.56 MB

Conducting simulation of reaction system 4...
Warning: Pressure may be varying, but using initial pressure to evaluate k(T,P) expressions!
At time 9.6406e-12 s, species [Pt]OC(=[Pt])O[Pt](37) at 0.13041290887681428 exceeded the minimum rate for simulation interruption of 0.1
Reached max number of objects...preparing to terminate
At time 9.6406e-12 s, species [Pt]OC(=[Pt])O[Pt](37) at rate ratio 0.13041290887681428 exceeded the minimum rate for moving to model core of 0.1
terminating simulation due to interrupt...


Adding species [Pt]OC(=[Pt])O[Pt](37) to model core

Summary of Model Enlargement
---------------------------------
Added 1 new core species
    [Pt]OC(=[Pt])O[Pt](37)
Created 0 new edge species
Moved 3 reactions from edge to core
    [Pt]OC(=[Pt])O[Pt](37) <=> OX(2) + [Pt]OC#[Pt](33)
    X(1) + O=C([Pt])O[Pt](24) <=> [Pt]OC(=[Pt])O[Pt](37)
    OCX(14) + [Pt]OC(=[Pt])O[Pt](37) <=> [Pt]OC#[Pt](33) + O=C([Pt])O[Pt](24)
Added 0 new core reactions
Created 0 new edge reactions

After model enlargement:
    The model core has 12 species and 9 reactions
    The model edge has 52 species and 96 reactions


For reaction generation 1 process is used.
For reaction CO2(4) + [Pt]OC(=[Pt])O[Pt](37) <=> O=C(O[Pt])OC(=[Pt])O[Pt](60), Ea raised from 327.5 to 329.4 kJ/mol to match endothermicity of reaction.
For reaction CO2(4) + [Pt]OC(=[Pt])O[Pt](37) <=> O=C([Pt])OOC(=[Pt])O[Pt](61), Ea raised from 390.6 to 393.8 kJ/mol to match endothermicity of reaction.
For reaction O=C([Pt])O[Pt](24) + [Pt]OC(=[Pt])O[Pt](37) <=> X(1) + [Pt]OC(=[Pt])OOC(=[Pt])O[Pt](70), Ea raised from 583.3 to 586.5 kJ/mol to match endothermicity of reaction.
Generating thermo for new species...

Summary of Secondary Model Edge Enlargement
---------------------------------
Added 0 new core species
Created 11 new edge species
    [Pt]OC([Pt])(O[Pt])O[Pt](62)
    O=C([Pt])C([Pt])(O[Pt])O[Pt](63)
    [Pt]OC([Pt])(C#[Pt])O[Pt](64)
    [Pt]OC(=[Pt])C([Pt])(O[Pt])O[Pt](65)
    [Pt]OC(=[Pt])OC(=[Pt])O[Pt](66)
    [Pt]OC([Pt])(O[Pt])OC#[Pt](67)
    O=C(O[Pt])C([Pt])(O[Pt])O[Pt](68)
    O=C([Pt])OC([Pt])(O[Pt])O[Pt](69)
    [Pt]OC(=[Pt])OOC(=[Pt])O[Pt](70)
    [Pt]OC([Pt])(O[Pt])C([Pt])(O[Pt])O[Pt](71)
    [Pt]OC(=[Pt])OC([Pt])(O[Pt])O[Pt](72)
Added 0 new core reactions
Created 26 new edge reactions
    [Pt]OO[Pt](25) + [Pt]OC#[Pt](33) <=> OX(2) + [Pt]OC(=[Pt])O[Pt](37)
    [Pt]OC([Pt])(O[Pt])O[Pt](62) <=> OX(2) + [Pt]OC(=[Pt])O[Pt](37)
    X(1) + [Pt]OOC(=[Pt])O[Pt](59) <=> OX(2) + [Pt]OC(=[Pt])O[Pt](37)
    CO2(4) + [Pt]OC(=[Pt])O[Pt](37) <=> O=C(O[Pt])OC(=[Pt])O[Pt](60)
    CO2(4) + [Pt]OC(=[Pt])O[Pt](37) <=> O=C([Pt])OOC(=[Pt])O[Pt](61)
    OX(2) + O=C([Pt])C(=[Pt])O[Pt](43) <=> OCX(14) + [Pt]OC(=[Pt])O[Pt](37)
    OX(2) + [Pt]OC(=[Pt])OC#[Pt](48) <=> OCX(14) + [Pt]OC(=[Pt])O[Pt](37)
    O=C([Pt])C([Pt])(O[Pt])O[Pt](63) <=> OCX(14) + [Pt]OC(=[Pt])O[Pt](37)
    X(1) + O=C([Pt])OC(=[Pt])O[Pt](57) <=> OCX(14) + [Pt]OC(=[Pt])O[Pt](37)
    OCX(14) + [Pt]OC(=[Pt])O[Pt](37) <=> X(1) + [Pt]OC(=[Pt])OOC#[Pt](58)
    OX(2) + [Pt]OC(=[Pt])C(=[Pt])O[Pt](47) <=> [Pt]OC#[Pt](33) + [Pt]OC(=[Pt])O[Pt](37)
    OX(2) + [Pt]OC([Pt])(C#[Pt])O[Pt](64) <=> [Pt]OC#[Pt](33) + [Pt]OC(=[Pt])O[Pt](37)
    CX(15) + [Pt]OC([Pt])(O[Pt])O[Pt](62) <=> [Pt]OC#[Pt](33) + [Pt]OC(=[Pt])O[Pt](37)
    [Pt]OC(=[Pt])C([Pt])(O[Pt])O[Pt](65) <=> [Pt]OC#[Pt](33) + [Pt]OC(=[Pt])O[Pt](37)
    X(1) + [Pt]OC(=[Pt])OC(=[Pt])O[Pt](66) <=> [Pt]OC#[Pt](33) + [Pt]OC(=[Pt])O[Pt](37)
    X(1) + [Pt]OC([Pt])(O[Pt])OC#[Pt](67) <=> [Pt]OC#[Pt](33) + [Pt]OC(=[Pt])O[Pt](37)
    OX(2) + O=C([Pt])C([Pt])(O[Pt])O[Pt](63) <=> O=C([Pt])O[Pt](24) + [Pt]OC(=[Pt])O[Pt](37)
    OCX(14) + [Pt]OC([Pt])(O[Pt])O[Pt](62) <=> O=C([Pt])O[Pt](24) + [Pt]OC(=[Pt])O[Pt](37)
    OX(2) + [Pt]OC(=[Pt])OC(=[Pt])O[Pt](66) <=> O=C([Pt])O[Pt](24) + [Pt]OC(=[Pt])O[Pt](37)
    X(1) + O=C(O[Pt])C([Pt])(O[Pt])O[Pt](68) <=> O=C([Pt])O[Pt](24) + [Pt]OC(=[Pt])O[Pt](37)
    X(1) + O=C([Pt])OC([Pt])(O[Pt])O[Pt](69) <=> O=C([Pt])O[Pt](24) + [Pt]OC(=[Pt])O[Pt](37)
    O=C([Pt])O[Pt](24) + [Pt]OC(=[Pt])O[Pt](37) <=> X(1) + [Pt]OC(=[Pt])OOC(=[Pt])O[Pt](70)
    OX(2) + [Pt]OC(=[Pt])C([Pt])(O[Pt])O[Pt](65) <=> [Pt]OC(=[Pt])O[Pt](37) + [Pt]OC(=[Pt])O[Pt](37)
    [Pt]OC#[Pt](33) + [Pt]OC([Pt])(O[Pt])O[Pt](62) <=> [Pt]OC(=[Pt])O[Pt](37) + [Pt]OC(=[Pt])O[Pt](37)
    [Pt]OC([Pt])(O[Pt])C([Pt])(O[Pt])O[Pt](71) <=> [Pt]OC(=[Pt])O[Pt](37) + [Pt]OC(=[Pt])O[Pt](37)
    X(1) + [Pt]OC(=[Pt])OC([Pt])(O[Pt])O[Pt](72) <=> [Pt]OC(=[Pt])O[Pt](37) + [Pt]OC(=[Pt])O[Pt](37)

After model enlargement:
    The model core has 12 species and 9 reactions
    The model edge has 63 species and 122 reactions


Saving current model core to Chemkin file...
Chemkin file contains 0 reactions.
Chemkin file contains 9 reactions.
Saving annotated version of Chemkin files...
Chemkin file contains 0 reactions.
Chemkin file contains 9 reactions.
Saving current model core and edge to Chemkin file...
Chemkin file contains 39 reactions.
Chemkin file contains 95 reactions.
Saving annotated version of Chemkin files...
Chemkin file contains 39 reactions.
Chemkin file contains 95 reactions.
Saving current model core to HTML file...
Saving current model edge to HTML file...
Updating RMG execution statistics...
    Execution time (DD:HH:MM:SS): 00:00:01:42
    Memory used: 1332.80 MB

Making seed mechanism...
Conducting simulation of reaction system 1...
Warning: Pressure may be varying, but using initial pressure to evaluate k(T,P) expressions!
At time 1.0000e+01 s, reached target termination time.
    CO(5) conversion: 0.5305    


For reaction generation 1 process is used.

Summary of Secondary Model Edge Enlargement
---------------------------------
Added 0 new core species
Created 0 new edge species
Added 0 new core reactions
Created 0 new edge reactions

After model enlargement:
    The model core has 12 species and 9 reactions
    The model edge has 63 species and 122 reactions


Saving current model core to Chemkin file...
Chemkin file contains 0 reactions.
Chemkin file contains 9 reactions.
Saving annotated version of Chemkin files...
Chemkin file contains 0 reactions.
Chemkin file contains 9 reactions.
Saving current model core and edge to Chemkin file...
Chemkin file contains 39 reactions.
Chemkin file contains 95 reactions.
Saving annotated version of Chemkin files...
Chemkin file contains 39 reactions.
Chemkin file contains 95 reactions.
Saving current model core to HTML file...
Saving current model edge to HTML file...
Updating RMG execution statistics...
    Execution time (DD:HH:MM:SS): 00:00:01:44
    Memory used: 1332.80 MB

Conducting simulation of reaction system 2...
Warning: Pressure may be varying, but using initial pressure to evaluate k(T,P) expressions!
At time 1.0000e+01 s, reached target termination time.
    CO(5) conversion: 0.4869    


For reaction generation 1 process is used.

Summary of Secondary Model Edge Enlargement
---------------------------------
Added 0 new core species
Created 0 new edge species
Added 0 new core reactions
Created 0 new edge reactions

After model enlargement:
    The model core has 12 species and 9 reactions
    The model edge has 63 species and 122 reactions


Saving current model core to Chemkin file...
Chemkin file contains 0 reactions.
Chemkin file contains 9 reactions.
Saving annotated version of Chemkin files...
Chemkin file contains 0 reactions.
Chemkin file contains 9 reactions.
Saving current model core and edge to Chemkin file...
Chemkin file contains 39 reactions.
Chemkin file contains 95 reactions.
Saving annotated version of Chemkin files...
Chemkin file contains 39 reactions.
Chemkin file contains 95 reactions.
Saving current model core to HTML file...
Saving current model edge to HTML file...
Updating RMG execution statistics...
    Execution time (DD:HH:MM:SS): 00:00:01:46
    Memory used: 1333.07 MB

Conducting simulation of reaction system 3...
Warning: Pressure may be varying, but using initial pressure to evaluate k(T,P) expressions!
At time 8.6755e+00 s, reached target termination RateRatio: 0.008922587371101624
    CO(5) conversion: 0.8335    


For reaction generation 1 process is used.

Summary of Secondary Model Edge Enlargement
---------------------------------
Added 0 new core species
Created 0 new edge species
Added 0 new core reactions
Created 0 new edge reactions

After model enlargement:
    The model core has 12 species and 9 reactions
    The model edge has 63 species and 122 reactions


Saving current model core to Chemkin file...
Chemkin file contains 0 reactions.
Chemkin file contains 9 reactions.
Saving annotated version of Chemkin files...
Chemkin file contains 0 reactions.
Chemkin file contains 9 reactions.
Saving current model core and edge to Chemkin file...
Chemkin file contains 39 reactions.
Chemkin file contains 95 reactions.
Saving annotated version of Chemkin files...
Chemkin file contains 39 reactions.
Chemkin file contains 95 reactions.
Saving current model core to HTML file...
Saving current model edge to HTML file...
Updating RMG execution statistics...
    Execution time (DD:HH:MM:SS): 00:00:01:47
    Memory used: 1333.59 MB

Conducting simulation of reaction system 4...
Warning: Pressure may be varying, but using initial pressure to evaluate k(T,P) expressions!
At time 9.7978e+00 s, reached target termination RateRatio: 0.0026753598479509716
    CO(5) conversion: 0.8383    


For reaction generation 1 process is used.

Summary of Secondary Model Edge Enlargement
---------------------------------
Added 0 new core species
Created 0 new edge species
Added 0 new core reactions
Created 0 new edge reactions

After model enlargement:
    The model core has 12 species and 9 reactions
    The model edge has 63 species and 122 reactions


Saving current model core to Chemkin file...
Chemkin file contains 0 reactions.
Chemkin file contains 9 reactions.
Saving annotated version of Chemkin files...
Chemkin file contains 0 reactions.
Chemkin file contains 9 reactions.
Saving current model core and edge to Chemkin file...
Chemkin file contains 39 reactions.
Chemkin file contains 95 reactions.
Saving annotated version of Chemkin files...
Chemkin file contains 39 reactions.
Chemkin file contains 95 reactions.
Saving current model core to HTML file...
Saving current model edge to HTML file...
Updating RMG execution statistics...
    Execution time (DD:HH:MM:SS): 00:00:01:49
    Memory used: 1337.52 MB

Making seed mechanism...
Performing final model checks...
No collision rate violators found in the model's core.

MODEL GENERATION COMPLETED

The final model core has 12 species and 9 reactions
The final model edge has 63 species and 122 reactions

RMG execution terminated at Tue Jan 18 09:33:47 2022
